<?xml version="1.0" encoding="UTF-8"?>
<!-- Generated by org.testng.reporters.JUnitXMLReporter -->
<testsuite hostname="DESKTOP-C5T3T2P" ignored="0" name="MyFitnessPal Web Tests" tests="3" failures="0" timestamp="01 Sep 2020 11:43:39 GMT" time="57.367" errors="0">
  <testcase name="test01_login" time="5.833" classname="SanityTests.myFitnessPalWeb"/>
  <testcase name="test02_addStrengthExercise" time="4.973" classname="SanityTests.myFitnessPalWeb"/>
  <testcase name="test03_deleteStrengthExercise" time="31.891" classname="SanityTests.myFitnessPalWeb"/>
</testsuite> <!-- MyFitnessPal Web Tests -->
