-------------------------------------------------------------------------------
Test set: SanityTests.myFitnessPalWeb
-------------------------------------------------------------------------------
Tests run: 4, Failures: 1, Errors: 0, Skipped: 0, Time elapsed: 61.836 s <<< FAILURE! - in SanityTests.myFitnessPalWeb
test04_logo(SanityTests.myFitnessPalWeb)  Time elapsed: 0.892 s  <<< FAILURE!
java.lang.AssertionError: expected [false] but found [true]
	at SanityTests.myFitnessPalWeb.test04_logo(myFitnessPalWeb.java:42)

